<?xml version="1.0" encoding="UTF-8"?>
<coverage generated="1552734543744" clover="3.2.0">
  <project timestamp="1552734543745" name="All files">
    <metrics statements="21" coveredstatements="21" conditionals="0" coveredconditionals="0" methods="7" coveredmethods="7" elements="28" coveredelements="28" complexity="0" loc="21" ncloc="21" packages="1" files="2" classes="2"/>
    <file name="port.js" path="/Users/russ/Projects/cruise-ships/src/port.js">
      <metrics statements="7" coveredstatements="7" conditionals="0" coveredconditionals="0" methods="4" coveredmethods="4"/>
      <line num="2" count="4" type="stmt"/>
      <line num="3" count="4" type="stmt"/>
      <line num="6" count="1" type="stmt"/>
      <line num="7" count="3" type="stmt"/>
      <line num="10" count="1" type="stmt"/>
      <line num="14" count="2" type="stmt"/>
      <line num="19" count="1" type="stmt"/>
    </file>
    <file name="ship.js" path="/Users/russ/Projects/cruise-ships/src/ship.js">
      <metrics statements="14" coveredstatements="14" conditionals="0" coveredconditionals="0" methods="3" coveredmethods="3"/>
      <line num="3" count="6" type="stmt"/>
      <line num="4" count="6" type="stmt"/>
      <line num="5" count="6" type="stmt"/>
      <line num="6" count="6" type="stmt"/>
      <line num="9" count="1" type="stmt"/>
      <line num="10" count="2" type="stmt"/>
      <line num="11" count="2" type="stmt"/>
      <line num="12" count="2" type="stmt"/>
      <line num="15" count="1" type="stmt"/>
      <line num="16" count="1" type="stmt"/>
      <line num="17" count="1" type="stmt"/>
      <line num="18" count="1" type="stmt"/>
      <line num="19" count="1" type="stmt"/>
      <line num="22" count="1" type="stmt"/>
    </file>
  </project>
</coverage>
