<?xml version="1.0" encoding="UTF-8"?>
<coverage generated="1553897352727" clover="3.2.0">
  <project timestamp="1553897352728" name="All files">
    <metrics statements="27" coveredstatements="10" conditionals="8" coveredconditionals="6" methods="9" coveredmethods="2" elements="44" coveredelements="18" complexity="0" loc="27" ncloc="27" packages="1" files="2" classes="2"/>
    <file name="port.js" path="/Users/russ/Projects/cruise-ships/src/port.js">
      <metrics statements="10" coveredstatements="5" conditionals="4" coveredconditionals="3" methods="5" coveredmethods="1"/>
      <line num="1" count="1" type="stmt"/>
      <line num="3" count="0" type="stmt"/>
      <line num="4" count="0" type="stmt"/>
      <line num="7" count="1" type="stmt"/>
      <line num="8" count="0" type="stmt"/>
      <line num="11" count="1" type="stmt"/>
      <line num="12" count="0" type="stmt"/>
      <line num="15" count="1" type="cond" truecount="3" falsecount="1"/>
      <line num="16" count="1" type="stmt"/>
      <line num="18" count="0" type="stmt"/>
    </file>
    <file name="ship.js" path="/Users/russ/Projects/cruise-ships/src/ship.js">
      <metrics statements="17" coveredstatements="5" conditionals="4" coveredconditionals="3" methods="4" coveredmethods="1"/>
      <line num="1" count="1" type="stmt"/>
      <line num="3" count="0" type="stmt"/>
      <line num="4" count="0" type="stmt"/>
      <line num="5" count="0" type="stmt"/>
      <line num="6" count="0" type="stmt"/>
      <line num="9" count="1" type="stmt"/>
      <line num="10" count="0" type="stmt"/>
      <line num="11" count="0" type="stmt"/>
      <line num="12" count="0" type="stmt"/>
      <line num="15" count="1" type="stmt"/>
      <line num="16" count="0" type="stmt"/>
      <line num="17" count="0" type="stmt"/>
      <line num="18" count="0" type="stmt"/>
      <line num="19" count="0" type="stmt"/>
      <line num="22" count="1" type="cond" truecount="3" falsecount="1"/>
      <line num="23" count="1" type="stmt"/>
      <line num="25" count="0" type="stmt"/>
    </file>
  </project>
</coverage>
