{"/Users/russ/Projects/cruise-ships/src/port.js": {"path":"/Users/russ/Projects/cruise-ships/src/port.js","statementMap":{"0":{"start":{"line":2,"column":2},"end":{"line":2,"column":19}},"1":{"start":{"line":3,"column":2},"end":{"line":3,"column":18}},"2":{"start":{"line":6,"column":0},"end":{"line":8,"column":2}},"3":{"start":{"line":7,"column":2},"end":{"line":7,"column":24}},"4":{"start":{"line":10,"column":0},"end":{"line":16,"column":2}},"5":{"start":{"line":14,"column":2},"end":{"line":14,"column":76}},"6":{"start":{"line":14,"column":49},"end":{"line":14,"column":70}},"7":{"start":{"line":19,"column":0},"end":{"line":21,"column":2}}},"fnMap":{"0":{"name":"Port","decl":{"start":{"line":1,"column":9},"end":{"line":1,"column":13}},"loc":{"start":{"line":1,"column":20},"end":{"line":4,"column":1}},"line":1},"1":{"name":"addShip","decl":{"start":{"line":6,"column":34},"end":{"line":6,"column":41}},"loc":{"start":{"line":6,"column":48},"end":{"line":8,"column":1}},"line":6},"2":{"name":"removeShip","decl":{"start":{"line":10,"column":37},"end":{"line":10,"column":47}},"loc":{"start":{"line":10,"column":62},"end":{"line":16,"column":1}},"line":10},"3":{"name":"(anonymous_3)","decl":{"start":{"line":14,"column":41},"end":{"line":14,"column":42}},"loc":{"start":{"line":14,"column":49},"end":{"line":14,"column":70}},"line":14}},"branchMap":{},"s":{"0":4,"1":4,"2":1,"3":3,"4":1,"5":1,"6":2,"7":1},"f":{"0":4,"1":3,"2":1,"3":2},"b":{},"_coverageSchema":"43e27e138ebf9cfc5966b082cf9a028302ed4184","hash":"a5da40a4758e1b28d7ee5116adb7fdd3138282e8"}
,"/Users/russ/Projects/cruise-ships/src/ship.js": {"path":"/Users/russ/Projects/cruise-ships/src/ship.js","statementMap":{"0":{"start":{"line":3,"column":2},"end":{"line":3,"column":29}},"1":{"start":{"line":4,"column":2},"end":{"line":4,"column":40}},"2":{"start":{"line":5,"column":2},"end":{"line":5,"column":27}},"3":{"start":{"line":6,"column":2},"end":{"line":6,"column":33}},"4":{"start":{"line":9,"column":0},"end":{"line":13,"column":2}},"5":{"start":{"line":10,"column":2},"end":{"line":10,"column":39}},"6":{"start":{"line":11,"column":2},"end":{"line":11,"column":26}},"7":{"start":{"line":12,"column":2},"end":{"line":12,"column":37}},"8":{"start":{"line":15,"column":0},"end":{"line":20,"column":2}},"9":{"start":{"line":16,"column":20},"end":{"line":16,"column":34}},"10":{"start":{"line":17,"column":28},"end":{"line":17,"column":70}},"11":{"start":{"line":18,"column":2},"end":{"line":18,"column":60}},"12":{"start":{"line":19,"column":2},"end":{"line":19,"column":33}},"13":{"start":{"line":22,"column":0},"end":{"line":24,"column":2}}},"fnMap":{"0":{"name":"Ship","decl":{"start":{"line":1,"column":9},"end":{"line":1,"column":13}},"loc":{"start":{"line":1,"column":25},"end":{"line":7,"column":1}},"line":1},"1":{"name":"setSail","decl":{"start":{"line":9,"column":34},"end":{"line":9,"column":41}},"loc":{"start":{"line":9,"column":44},"end":{"line":13,"column":1}},"line":9},"2":{"name":"dock","decl":{"start":{"line":15,"column":31},"end":{"line":15,"column":35}},"loc":{"start":{"line":15,"column":38},"end":{"line":20,"column":1}},"line":15}},"branchMap":{},"s":{"0":6,"1":6,"2":6,"3":6,"4":1,"5":2,"6":2,"7":2,"8":1,"9":1,"10":1,"11":1,"12":1,"13":1},"f":{"0":6,"1":2,"2":1},"b":{},"_coverageSchema":"43e27e138ebf9cfc5966b082cf9a028302ed4184","hash":"67caf167b9c72fa859075378005d02b9b1b166b8"}
}
