TN:
SF:/Users/russ/Projects/cruise-ships/src/port.js
FN:1,exportPort
FN:2,Port
FN:7,addShip
FN:11,removeShip
FN:12,(anonymous_4)
FNF:5
FNH:1
FNDA:1,exportPort
FNDA:0,Port
FNDA:0,addShip
FNDA:0,removeShip
FNDA:0,(anonymous_4)
DA:1,1
DA:3,0
DA:4,0
DA:7,1
DA:8,0
DA:11,1
DA:12,0
DA:15,1
DA:16,1
DA:18,0
LF:10
LH:5
BRDA:15,0,0,1
BRDA:15,0,1,0
BRDA:15,1,0,1
BRDA:15,1,1,1
BRF:4
BRH:3
end_of_record
TN:
SF:/Users/russ/Projects/cruise-ships/src/ship.js
FN:1,exportShip
FN:2,Ship
FN:9,setSail
FN:15,dock
FNF:4
FNH:1
FNDA:1,exportShip
FNDA:0,Ship
FNDA:0,setSail
FNDA:0,dock
DA:1,1
DA:3,0
DA:4,0
DA:5,0
DA:6,0
DA:9,1
DA:10,0
DA:11,0
DA:12,0
DA:15,1
DA:16,0
DA:17,0
DA:18,0
DA:19,0
DA:22,1
DA:23,1
DA:25,0
LF:17
LH:5
BRDA:22,0,0,1
BRDA:22,0,1,0
BRDA:22,1,0,1
BRDA:22,1,1,1
BRF:4
BRH:3
end_of_record
