TN:
SF:/Users/russ/Projects/cruise-ships/src/port.js
FN:1,Port
FN:6,addShip
FN:10,(anonymous_2)
FN:11,(anonymous_3)
FNF:4
FNH:4
FNDA:4,Port
FNDA:3,addShip
FNDA:1,(anonymous_2)
FNDA:2,(anonymous_3)
DA:2,4
DA:3,4
DA:6,1
DA:7,3
DA:10,1
DA:11,2
DA:12,1
DA:16,1
LF:8
LH:8
BRF:0
BRH:0
end_of_record
TN:
SF:/Users/russ/Projects/cruise-ships/src/ship.js
FN:1,Ship
FN:12,(anonymous_1)
FN:20,(anonymous_2)
FNF:3
FNH:3
FNDA:6,Ship
FNDA:2,(anonymous_1)
FNDA:1,(anonymous_2)
DA:3,6
DA:5,6
DA:7,6
DA:9,6
DA:12,1
DA:13,2
DA:15,2
DA:17,2
DA:20,1
DA:21,1
DA:23,1
DA:25,1
DA:27,1
DA:30,1
LF:14
LH:14
BRF:0
BRH:0
end_of_record
